[2022-09-01 19:12:59.096] [exthost] [info] Extension host with pid 40530 started
[2022-09-01 19:12:59.151] [exthost] [info] ExtensionService#_doActivateExtension vscode.microsoft-authentication, startup: false, activationEvent: 'onAuthenticationRequest:microsoft'
[2022-09-01 19:12:59.192] [exthost] [info] ExtensionService#_doActivateExtension vscode.debug-auto-launch, startup: true, activationEvent: '*'
[2022-09-01 19:12:59.195] [exthost] [info] ExtensionService#_doActivateExtension vscode.git-base, startup: true, activationEvent: '*', root cause: vscode.git
[2022-09-01 19:12:59.199] [exthost] [info] ExtensionService#_doActivateExtension vscode.ipynb, startup: true, activationEvent: '*'
[2022-09-01 19:12:59.214] [exthost] [info] ExtensionService#_doActivateExtension aibnuhibban.laravel-smart-command, startup: true, activationEvent: '*'
[2022-09-01 19:12:59.220] [exthost] [info] ExtensionService#_doActivateExtension EditorConfig.EditorConfig, startup: true, activationEvent: '*'
[2022-09-01 19:12:59.239] [exthost] [info] ExtensionService#_doActivateExtension formulahendry.auto-close-tag, startup: true, activationEvent: '*'
[2022-09-01 19:12:59.241] [exthost] [info] ExtensionService#_doActivateExtension HookyQR.beautify, startup: true, activationEvent: '*'
[2022-09-01 19:12:59.275] [exthost] [info] ExtensionService#_doActivateExtension IHunte.laravel-blade-wrapper, startup: true, activationEvent: '*'
[2022-09-01 19:12:59.276] [exthost] [info] ExtensionService#_doActivateExtension mohamedbenhida.laravel-intellisense, startup: true, activationEvent: '*'
[2022-09-01 19:12:59.284] [exthost] [info] ExtensionService#_doActivateExtension ms-vscode.sublime-keybindings, startup: true, activationEvent: '*'
[2022-09-01 19:12:59.287] [exthost] [info] ExtensionService#_doActivateExtension stef-k.laravel-goto-controller, startup: true, activationEvent: '*'
[2022-09-01 19:12:59.290] [exthost] [info] ExtensionService#_doActivateExtension TabNine.tabnine-vscode, startup: true, activationEvent: '*'
[2022-09-01 19:12:59.354] [exthost] [error] Activating extension aibnuhibban.laravel-smart-command failed due to an error:
[2022-09-01 19:12:59.354] [exthost] [error] TypeError: Cannot read properties of undefined (reading '0')
	at Object.<anonymous> (/root/.vscode/extensions/aibnuhibban.laravel-smart-command-0.1.16/extension.js:13:49)
	at Module.u._compile (/usr/share/code/resources/app/out/vs/loader.js:4:1313)
	at Object.Module._extensions..js (node:internal/modules/cjs/loader:1216:10)
	at Module.load (node:internal/modules/cjs/loader:1035:32)
	at Module._load (node:internal/modules/cjs/loader:876:12)
	at Function.c._load (node:electron/js2c/asar_bundle:5:13343)
	at Function.r._load (/usr/share/code/resources/app/out/vs/workbench/api/node/extensionHostProcess.js:111:14538)
	at Function.b._load (/usr/share/code/resources/app/out/vs/workbench/api/node/extensionHostProcess.js:106:62507)
	at Function.v._load (/usr/share/code/resources/app/out/vs/workbench/api/node/extensionHostProcess.js:106:61875)
	at Module.require (node:internal/modules/cjs/loader:1059:19)
	at require (node:internal/modules/cjs/helpers:102:18)
	at Function.r [as __$__nodeRequire] (/usr/share/code/resources/app/out/vs/loader.js:5:101)
	at w._loadCommonJSModule (/usr/share/code/resources/app/out/vs/workbench/api/node/extensionHostProcess.js:106:63965)
	at w._doActivateExtension (/usr/share/code/resources/app/out/vs/workbench/api/node/extensionHostProcess.js:97:14754)
	at w._activateExtension (/usr/share/code/resources/app/out/vs/workbench/api/node/extensionHostProcess.js:97:13693)
	at processTicksAndRejections (node:internal/process/task_queues:96:5)
	at async v._activate (/usr/share/code/resources/app/out/vs/workbench/api/node/extensionHostProcess.js:85:8180)
	at async v._waitForDepsThenActivate (/usr/share/code/resources/app/out/vs/workbench/api/node/extensionHostProcess.js:85:8122)
	at async v._initialize (/usr/share/code/resources/app/out/vs/workbench/api/node/extensionHostProcess.js:85:7486)
[2022-09-01 19:12:59.394] [exthost] [error] Activating extension mohamedbenhida.laravel-intellisense failed due to an error:
[2022-09-01 19:12:59.394] [exthost] [error] TypeError: Cannot use 'in' operator to search for 'uri' in undefined
	at o (/root/.vscode/extensions/mohamedbenhida.laravel-intellisense-0.2.0/dist/extension.js:1:116319)
	at x (/root/.vscode/extensions/mohamedbenhida.laravel-intellisense-0.2.0/dist/extension.js:1:777759)
	at Function._callActivateOptional (/usr/share/code/resources/app/out/vs/workbench/api/node/extensionHostProcess.js:97:17473)
	at Function._callActivate (/usr/share/code/resources/app/out/vs/workbench/api/node/extensionHostProcess.js:97:17131)
	at /usr/share/code/resources/app/out/vs/workbench/api/node/extensionHostProcess.js:97:14942
	at processTicksAndRejections (node:internal/process/task_queues:96:5)
	at async v._activate (/usr/share/code/resources/app/out/vs/workbench/api/node/extensionHostProcess.js:85:8180)
	at async v._waitForDepsThenActivate (/usr/share/code/resources/app/out/vs/workbench/api/node/extensionHostProcess.js:85:8122)
	at async v._initialize (/usr/share/code/resources/app/out/vs/workbench/api/node/extensionHostProcess.js:85:7486)
[2022-09-01 19:12:59.443] [exthost] [info] ExtensionService#_doActivateExtension vscode.git, startup: true, activationEvent: '*'
[2022-09-01 19:12:59.502] [exthost] [info] ExtensionService#_doActivateExtension vscode.github, startup: true, activationEvent: '*'
[2022-09-01 19:12:59.555] [exthost] [info] ExtensionService#_doActivateExtension vscode.configuration-editing, startup: false, activationEvent: 'onLanguage:jsonc'
[2022-09-01 19:12:59.559] [exthost] [info] ExtensionService#_doActivateExtension vscode.json-language-features, startup: false, activationEvent: 'onLanguage:jsonc'
[2022-09-01 19:12:59.616] [exthost] [info] ExtensionService#_doActivateExtension vscode.typescript-language-features, startup: false, activationEvent: 'onLanguage:jsonc'
[2022-09-01 19:12:59.724] [exthost] [info] ExtensionService#_doActivateExtension vscode.github-authentication, startup: false, activationEvent: 'onAuthenticationRequest:github'
[2022-09-01 19:13:09.170] [exthost] [info] ExtensionService#_doActivateExtension vscode.emmet, startup: false, activationEvent: 'onStartupFinished'
[2022-09-01 19:13:09.185] [exthost] [info] ExtensionService#_doActivateExtension vscode.merge-conflict, startup: false, activationEvent: 'onStartupFinished'
[2022-09-01 19:13:09.189] [exthost] [info] ExtensionService#_doActivateExtension ctf0.laravel-goto-config, startup: false, activationEvent: 'onStartupFinished'
[2022-09-01 19:13:09.270] [exthost] [info] ExtensionService#_doActivateExtension ctf0.laravel-goto-env, startup: false, activationEvent: 'onStartupFinished'
[2022-09-01 19:13:09.275] [exthost] [info] ExtensionService#_doActivateExtension ctf0.laravel-goto-view, startup: false, activationEvent: 'onStartupFinished'
[2022-09-01 19:13:09.333] [exthost] [info] ExtensionService#_doActivateExtension PKief.material-icon-theme, startup: false, activationEvent: 'onStartupFinished'
[2022-09-01 19:13:09.352] [exthost] [info] ExtensionService#_doActivateExtension zhuangtongfa.material-theme, startup: false, activationEvent: 'onStartupFinished'
[2022-09-01 19:13:37.912] [exthost] [info] Extension host terminating: received terminate message from renderer
[2022-09-01 19:13:37.928] [exthost] [info] Eager extensions activated
[2022-09-01 19:13:38.322] [exthost] [info] Extension host with pid 40530 exiting with code 0
